#
# A fatal error has been detected by the Java Runtime Environment:
#
#  Internal Error (javaClasses.cpp:129), pid=5572, tid=4080
#  fatal error: Invalid layout of preloaded class
#
# JRE version: 7.0_17-b02
# Java VM: Java HotSpot(TM) 64-Bit Server VM (23.7-b01 mixed mode windows-amd64 compressed oops)
# Failed to write core dump. Minidumps are not enabled by default on client versions of Windows
#
# If you would like to submit a bug report, please visit:
#   http://bugreport.sun.com/bugreport/crash.jsp
#

---------------  T H R E A D  ---------------

Current thread (0x00000000023ec800):  JavaThread "Unknown thread" [_thread_in_vm, id=4080, stack(0x0000000002740000,0x0000000002840000)]

Stack: [0x0000000002740000,0x0000000002840000]

---------------  P R O C E S S  ---------------

Java Threads: ( => current thread )

Other Threads:

=>0x00000000023ec800 (exited) JavaThread "Unknown thread" [_thread_in_vm, id=4080, stack(0x0000000002740000,0x0000000002840000)]

VM state:not at safepoint (not fully initialized)

VM Mutex/Monitor currently owned by a thread: None

GC Heap History (0 events):
No events

Deoptimization events (0 events):
No events

Internal exceptions (0 events):
No events

Events (10 events):
Event: 0.007 loading class 0x00000000024ac3f0 done
Event: 0.007 loading class 0x0000000002462280 done
Event: 0.007 loading class 0x0000000002462250
Event: 0.008 loading class 0x00000000024b6c00
Event: 0.008 loading class 0x00000000024b6c00 done
Event: 0.008 loading class 0x00000000024b6c40
Event: 0.008 loading class 0x00000000024b6c40 done
Event: 0.008 loading class 0x00000000024c97d0
Event: 0.008 loading class 0x00000000024c97d0 done
Event: 0.008 loading class 0x0000000002462250 done


Dynamic libraries:
0x000000013fac0000 - 0x000000013faf3000 	C:\Program Files\Java\jre7\bin\javaw.exe
0x0000000076d30000 - 0x0000000076ed9000 	C:\Windows\SYSTEM32\ntdll.dll
0x0000000076c10000 - 0x0000000076d2f000 	C:\Windows\system32\kernel32.dll
0x000007fefd2e0000 - 0x000007fefd34b000 	C:\Windows\system32\KERNELBASE.dll
0x0000000074550000 - 0x00000000745d7000 	C:\Windows\System32\SYSFER.DLL
0x000007fefea30000 - 0x000007fefeb0b000 	C:\Windows\system32\ADVAPI32.dll
0x000007fefee40000 - 0x000007fefeedf000 	C:\Windows\system32\msvcrt.dll
0x000007fefd670000 - 0x000007fefd68f000 	C:\Windows\SYSTEM32\sechost.dll
0x000007fefeee0000 - 0x000007feff00d000 	C:\Windows\system32\RPCRT4.dll
0x00000000767a0000 - 0x000000007689a000 	C:\Windows\system32\USER32.dll
0x000007fefd9a0000 - 0x000007fefda07000 	C:\Windows\system32\GDI32.dll
0x000007fefd640000 - 0x000007fefd64e000 	C:\Windows\system32\LPK.dll
0x000007fefed70000 - 0x000007fefee39000 	C:\Windows\system32\USP10.dll
0x000007fefbd70000 - 0x000007fefbf64000 	C:\Windows\WinSxS\amd64_microsoft.windows.common-controls_6595b64144ccf1df_6.0.7601.17514_none_fa396087175ac9ac\COMCTL32.dll
0x000007fefeb10000 - 0x000007fefeb81000 	C:\Windows\system32\SHLWAPI.dll
0x000007feff010000 - 0x000007feff03e000 	C:\Windows\system32\IMM32.DLL
0x000007fefda90000 - 0x000007fefdb99000 	C:\Windows\system32\MSCTF.dll
0x0000000065530000 - 0x0000000065601000 	C:\Program Files\Java\jre7\bin\msvcr100.dll
0x0000000056080000 - 0x000000005679f000 	C:\Program Files\Java\jre7\bin\server\jvm.dll
0x000007fef4e80000 - 0x000007fef4e89000 	C:\Windows\system32\WSOCK32.dll
0x000007fefdc50000 - 0x000007fefdc9d000 	C:\Windows\system32\WS2_32.dll
0x000007fefdba0000 - 0x000007fefdba8000 	C:\Windows\system32\NSI.dll
0x000007fefb290000 - 0x000007fefb2cb000 	C:\Windows\system32\WINMM.dll
0x0000000076f00000 - 0x0000000076f07000 	C:\Windows\system32\PSAPI.DLL
0x0000000065520000 - 0x000000006552f000 	C:\Program Files\Java\jre7\bin\verify.dll
0x00000000654f0000 - 0x0000000065518000 	C:\Program Files\Java\jre7\bin\java.dll
0x00000000654d0000 - 0x00000000654e5000 	C:\Program Files\Java\jre7\bin\zip.dll

VM Arguments:
jvm_args: -Dfile.encoding=Cp1252 -Xbootclasspath:C:\Users\davidm\Desktop\adt-bundle-windows-x86_64-20130219\sdk\platforms\android-17\android.jar 
java_command: MainClass
Launcher Type: SUN_STANDARD

Environment Variables:
JAVA_HOME=C:\Progra~1\Java\jdk1.7.0_17
PATH=C:\Users\davidm\Desktop\adt-bundle-windows-x86_64-20130219\sdk\platform-tools;C:\Windows\system32;C:\Windows;C:\Windows\System32\Wbem;C:\Windows\System32\WindowsPowerShell\v1.0\;c:\apache-ant-1.9.0\bin;C:\Progra~1\Java\jdk1.7.0_17\jre\bin
USERNAME=davidm
OS=Windows_NT
PROCESSOR_IDENTIFIER=Intel64 Family 6 Model 58 Stepping 9, GenuineIntel



---------------  S Y S T E M  ---------------

OS: Windows 7 , 64 bit Build 7601 Service Pack 1

CPU:total 8 (4 cores per cpu, 2 threads per core) family 6 model 58 stepping 9, cmov, cx8, fxsr, mmx, sse, sse2, sse3, ssse3, sse4.1, sse4.2, popcnt, avx, ht, tsc, tscinvbit, tscinv

Memory: 4k page, physical 8318456k(3924980k free), swap 16635052k(11638996k free)

vm_info: Java HotSpot(TM) 64-Bit Server VM (23.7-b01) for windows-amd64 JRE (1.7.0_17-b02), built on Mar  1 2013 03:38:30 by "java_re" with unknown MS VC++:1600

time: Wed May 15 11:09:17 2013
elapsed time: 0 seconds

